<?xml version="1.0" encoding="UTF-8"?>
<!-- Generated by org.testng.reporters.JUnitReportReporter -->
<testsuite hostname="LAPTOP-JJLOS5M5" failures="0" tests="1" name="session13.QueryRequestSpecification" time="1.015" errors="0" timestamp="2024-11-16T01:45:17 IST" skipped="0">
  <testcase classname="session13.QueryRequestSpecification" name="createUser" time="1.015"/>
  <system-out/>
</testsuite> <!-- session13.QueryRequestSpecification -->
