<?xml version="1.0" encoding="UTF-8"?>
<!-- Generated by org.testng.reporters.JUnitReportReporter -->
<testsuite hostname="LAPTOP-JJLOS5M5" failures="0" tests="1" name="session03.Test_DeleteMethod" time="1.636" errors="0" timestamp="2024-11-16T01:02:56 IST" skipped="0">
  <testcase classname="session03.Test_DeleteMethod" name="test06" time="1.636"/>
  <system-out/>
</testsuite> <!-- session03.Test_DeleteMethod -->
