<?xml version="1.0" encoding="UTF-8"?>
<!-- Generated by org.testng.reporters.JUnitReportReporter -->
<testsuite hostname="LAPTOP-JJLOS5M5" failures="0" tests="1" name="session22.DemoNestedJSONPayload" time="1.737" errors="0" timestamp="2024-11-16T17:08:17 IST" skipped="0">
  <testcase classname="session22.DemoNestedJSONPayload" name="createUser" time="1.737"/>
  <system-out/>
</testsuite> <!-- session22.DemoNestedJSONPayload -->
