<?xml version="1.0" encoding="UTF-8"?>
<!-- Generated by org.testng.reporters.JUnitReportReporter -->
<testsuite hostname="LAPTOP-JJLOS5M5" failures="0" tests="1" name="session20.SerializationAndDeserialization" time="1.665" errors="0" timestamp="2024-11-16T17:08:40 IST" skipped="0">
  <testcase classname="session20.SerializationAndDeserialization" name="CreateJSONObjectFromEmployeeClassObject" time="1.665"/>
  <system-out/>
</testsuite> <!-- session20.SerializationAndDeserialization -->
