<?xml version="1.0" encoding="UTF-8"?>
<!-- Generated by org.testng.reporters.JUnitReportReporter -->
<testsuite hostname="LAPTOP-JJLOS5M5" failures="0" tests="1" name="session03.Test_PatchMethod" time="1.563" errors="0" timestamp="2024-11-16T01:05:34 IST" skipped="0">
  <testcase classname="session03.Test_PatchMethod" name="test05" time="1.563"/>
  <system-out/>
</testsuite> <!-- session03.Test_PatchMethod -->
