<?xml version="1.0" encoding="UTF-8"?>
<!-- Generated by org.testng.reporters.JUnitReportReporter -->
<testsuite hostname="LAPTOP-JJLOS5M5" failures="0" tests="2" name="session16.JSONArrayDemo" time="3.457" errors="0" timestamp="2024-11-16T01:49:31 IST" skipped="1">
  <testcase classname="session16.JSONArrayDemo" name="CreateJSonArrayUsingList" time="3.457"/>
  <system-out/>
  <testcase classname="session16.JSONArrayDemo" name="createUserUsingJSONArray">
    <skipped/>
  </testcase> <!-- createUserUsingJSONArray -->
  <system-out/>
</testsuite> <!-- session16.JSONArrayDemo -->
