<?xml version="1.0" encoding="UTF-8"?>
<!-- Generated by org.testng.reporters.JUnitReportReporter -->
<testsuite hostname="LAPTOP-JJLOS5M5" failures="0" tests="1" name="session28.AddHeaderInRequestDemo" time="2.873" errors="0" timestamp="2024-11-16T17:44:42 IST" skipped="0">
  <testcase classname="session28.AddHeaderInRequestDemo" name="testMethod1" time="2.873"/>
  <system-out/>
</testsuite> <!-- session28.AddHeaderInRequestDemo -->
