<?xml version="1.0" encoding="UTF-8"?>
<!-- Generated by org.testng.reporters.JUnitReportReporter -->
<testsuite hostname="LAPTOP-JJLOS5M5" failures="0" tests="1" name="session17.JSONObjectUsingJacksonAPI" time="3.605" errors="0" timestamp="2024-11-16T01:50:46 IST" skipped="0">
  <testcase classname="session17.JSONObjectUsingJacksonAPI" name="CreateUser" time="3.605"/>
  <system-out/>
</testsuite> <!-- session17.JSONObjectUsingJacksonAPI -->
