<?xml version="1.0" encoding="UTF-8"?>
<!-- Generated by org.testng.reporters.JUnitReportReporter -->
<testsuite hostname="LAPTOP-JJLOS5M5" failures="0" tests="3" name="session04.CheckForValidResponse" time="1.253" errors="0" timestamp="2024-11-16T01:08:20 IST" skipped="2">
  <testcase classname="session04.CheckForValidResponse" name="GetSingleUser_BDDStyle" time="1.253"/>
  <system-out/>
  <testcase classname="session04.CheckForValidResponse" name="GetSingleUser">
    <skipped/>
  </testcase> <!-- GetSingleUser -->
  <system-out/>
  <testcase classname="session04.CheckForValidResponse" name="GetSingleUserUsingValidatableResponse">
    <skipped/>
  </testcase> <!-- GetSingleUserUsingValidatableResponse -->
  <system-out/>
</testsuite> <!-- session04.CheckForValidResponse -->
