<?xml version="1.0" encoding="UTF-8"?>
<!-- Generated by org.testng.reporters.JUnitReportReporter -->
<testsuite hostname="LAPTOP-JJLOS5M5" failures="0" tests="1" name="session03.Test_GetMethod" time="1.168" errors="0" timestamp="2024-11-16T01:04:33 IST" skipped="0">
  <testcase classname="session03.Test_GetMethod" name="test01" time="1.168"/>
  <system-out/>
</testsuite> <!-- session03.Test_GetMethod -->
