<?xml version="1.0" encoding="UTF-8"?>
<!-- Generated by org.testng.reporters.JUnitReportReporter -->
<testsuite hostname="LAPTOP-JJLOS5M5" failures="0" tests="1" name="session26.DemoIgnoreProperties" time="0.191" errors="0" timestamp="2024-11-16T17:37:25 IST" skipped="0">
  <testcase classname="session26.DemoIgnoreProperties" name="test1" time="0.191"/>
  <system-out/>
</testsuite> <!-- session26.DemoIgnoreProperties -->
