<?xml version="1.0" encoding="UTF-8"?>
<!-- Generated by org.testng.reporters.JUnitReportReporter -->
<testsuite hostname="LAPTOP-JJLOS5M5" failures="0" tests="2" name="session15.JsonObjecUsingJavaMapDemo" time="3.634" errors="0" timestamp="2024-11-16T01:48:13 IST" skipped="1">
  <testcase classname="session15.JsonObjecUsingJavaMapDemo" name="createUser" time="3.634"/>
  <system-out/>
  <testcase classname="session15.JsonObjecUsingJavaMapDemo" name="createAuthToken">
    <skipped/>
  </testcase> <!-- createAuthToken -->
  <system-out/>
</testsuite> <!-- session15.JsonObjecUsingJavaMapDemo -->
