<?xml version="1.0" encoding="UTF-8"?>
<!-- Generated by org.testng.reporters.JUnitReportReporter -->
<testsuite hostname="LAPTOP-JJLOS5M5" failures="0" tests="1" name="session6.ValidateJsonResponseBody" time="1.618" errors="0" timestamp="2024-11-16T01:13:24 IST" skipped="0">
  <testcase classname="session6.ValidateJsonResponseBody" name="UserListResponseBody" time="1.618"/>
  <system-out/>
</testsuite> <!-- session6.ValidateJsonResponseBody -->
