<?xml version="1.0" encoding="UTF-8"?>
<!-- Generated by org.testng.reporters.JUnitReportReporter -->
<testsuite hostname="LAPTOP-JJLOS5M5" failures="0" tests="1" name="session12.DeserializationJSonDemo" time="3.355" errors="0" timestamp="2024-11-16T01:33:49 IST" skipped="0">
  <testcase classname="session12.DeserializationJSonDemo" name="createUser" time="3.355"/>
  <system-out/>
</testsuite> <!-- session12.DeserializationJSonDemo -->
