<?xml version="1.0" encoding="UTF-8"?>
<!-- Generated by org.testng.reporters.JUnitReportReporter -->
<testsuite hostname="LAPTOP-JJLOS5M5" failures="0" tests="1" name="session7.QueryParameterDemo" time="3.726" errors="0" timestamp="2024-11-16T01:17:01 IST" skipped="0">
  <testcase classname="session7.QueryParameterDemo" name="filterData" time="3.726"/>
  <system-out/>
</testsuite> <!-- session7.QueryParameterDemo -->
