<?xml version="1.0" encoding="UTF-8"?>
<!-- Generated by org.testng.reporters.JUnitReportReporter -->
<testsuite hostname="LAPTOP-JJLOS5M5" failures="0" tests="1" name="session24.DemoJsonInclude" time="0.196" errors="0" timestamp="2024-11-16T17:15:04 IST" skipped="0">
  <testcase classname="session24.DemoJsonInclude" name="testMethod1" time="0.196"/>
  <system-out/>
</testsuite> <!-- session24.DemoJsonInclude -->
