<?xml version="1.0" encoding="UTF-8"?>
<!-- Generated by org.testng.reporters.JUnitReportReporter -->
<testsuite hostname="LAPTOP-JJLOS5M5" failures="0" tests="1" name="session09.AuthorizationDemo" time="3.980" errors="0" timestamp="2024-11-16T01:21:22 IST" skipped="0">
  <testcase classname="session09.AuthorizationDemo" name="BearerToken" time="3.980"/>
  <system-out/>
</testsuite> <!-- session09.AuthorizationDemo -->
