<?xml version="1.0" encoding="UTF-8"?>
<!-- Generated by org.testng.reporters.JUnitReportReporter -->
<testsuite hostname="LAPTOP-JJLOS5M5" failures="0" tests="1" name="session23.DemoTestComplexNestedJSONObject" time="1.698" errors="0" timestamp="2024-11-16T17:11:27 IST" skipped="0">
  <testcase classname="session23.DemoTestComplexNestedJSONObject" name="createUser" time="1.698"/>
  <system-out/>
</testsuite> <!-- session23.DemoTestComplexNestedJSONObject -->
