<?xml version="1.0" encoding="UTF-8"?>
<!-- Generated by org.testng.reporters.JUnitReportReporter -->
<testsuite hostname="LAPTOP-JJLOS5M5" failures="0" tests="1" name="session10.AuthorizationDemo" time="2.790" errors="0" timestamp="2024-11-16T01:22:24 IST" skipped="0">
  <testcase classname="session10.AuthorizationDemo" name="GetWeatherDataByCity" time="2.790"/>
  <system-out/>
</testsuite> <!-- session10.AuthorizationDemo -->
