<?xml version="1.0" encoding="UTF-8"?>
<!-- Generated by org.testng.reporters.JUnitReportReporter -->
<testsuite hostname="LAPTOP-JJLOS5M5" failures="0" tests="2" name="session29.DemoResponseSpec" time="5.524" errors="0" timestamp="2024-11-16T17:45:35 IST" skipped="0">
  <testcase classname="session29.DemoResponseSpec" name="getBookingByFirstName" time="1.296"/>
  <system-out/>
  <testcase classname="session29.DemoResponseSpec" name="getAllBookingIds" time="4.228"/>
  <system-out/>
</testsuite> <!-- session29.DemoResponseSpec -->
