<?xml version="1.0" encoding="UTF-8"?>
<!-- Generated by org.testng.reporters.JUnitReportReporter -->
<testsuite hostname="LAPTOP-JJLOS5M5" failures="0" tests="1" name="session21.JSONArrayPojoClassDemo" time="2.182" errors="0" timestamp="2024-11-16T17:08:06 IST" skipped="0">
  <testcase classname="session21.JSONArrayPojoClassDemo" name="createEmployeesJSONArray" time="2.182"/>
  <system-out/>
</testsuite> <!-- session21.JSONArrayPojoClassDemo -->
