<?xml version="1.0" encoding="UTF-8"?>
<!-- Generated by org.testng.reporters.JUnitReportReporter -->
<testsuite hostname="LAPTOP-JJLOS5M5" failures="0" tests="1" name="session25.DemoJSONIgnore" time="0.208" errors="0" timestamp="2024-11-16T17:18:42 IST" skipped="0">
  <testcase classname="session25.DemoJSONIgnore" name="testMethod1" time="0.208"/>
  <system-out/>
</testsuite> <!-- session25.DemoJSONIgnore -->
